0 info it worked if it ends with ok
1 verbose cli [ 'C:\\Program Files\\nodejs\\node.exe',
1 verbose cli   'C:\\Users\\mes\\AppData\\Roaming\\npm\\node_modules\\npm\\bin\\npm-cli.js',
1 verbose cli   'run',
1 verbose cli   'dev' ]
2 info using npm@3.10.9
3 info using node@v10.15.3
4 verbose run-script [ 'predev', 'dev', 'postdev' ]
5 info lifecycle TODO@0.0.1~predev: TODO@0.0.1
6 silly lifecycle TODO@0.0.1~predev: no script for predev, continuing
7 info lifecycle TODO@0.0.1~dev: TODO@0.0.1
8 verbose lifecycle TODO@0.0.1~dev: unsafe-perm in lifecycle true
9 verbose lifecycle TODO@0.0.1~dev: PATH: C:\Users\mes\AppData\Roaming\npm\node_modules\npm\bin\node-gyp-bin;D:\sapper-my-app\node_modules\.bin;C:\Program Files\Common Files\Oracle\Java\javapath;C:\Windows\system32;C:\Windows;C:\Windows\System32\Wbem;C:\Windows\System32\WindowsPowerShell\v1.0\;c:\Program Files\Hewlett-Packard\HP ProtectTools Security Manager\Bin\;c:\Program Files\Intel\DMIX;C:\Program Files\Intel\Services\IPT\;D:\apache-maven-3.5.4-bin\apache-maven-3.5.4\bin;D:\spring-roo-2.0.0.release\bin;C:\Program Files\gradle\gradle-2.14-all\gradle-2.14\bin;C:\HashiCorp\Vagrant\bin;C:\Program Files\Rust stable GNU 1.28\bin;C:\Program Files\Git\cmd;C:\Program Files\nodejs\;C:\Users\mes\.cargo\bin;C:\Users\mes\AppData\Roaming\npm;C:\Users\mes\AppData\Local\Programs\Microsoft VS Code\bin
10 verbose lifecycle TODO@0.0.1~dev: CWD: D:\sapper-my-app
11 silly lifecycle TODO@0.0.1~dev: Args: [ '/d /s /c', 'sapper dev' ]
12 silly lifecycle TODO@0.0.1~dev: Returned: code: 3221225786  signal: null
13 info lifecycle TODO@0.0.1~dev: Failed to exec dev script
14 verbose stack Error: TODO@0.0.1 dev: `sapper dev`
14 verbose stack Exit status 3221225786
14 verbose stack     at EventEmitter.<anonymous> (C:\Users\mes\AppData\Roaming\npm\node_modules\npm\lib\utils\lifecycle.js:255:16)
14 verbose stack     at EventEmitter.emit (events.js:189:13)
14 verbose stack     at ChildProcess.<anonymous> (C:\Users\mes\AppData\Roaming\npm\node_modules\npm\lib\utils\spawn.js:40:14)
14 verbose stack     at ChildProcess.emit (events.js:189:13)
14 verbose stack     at maybeClose (internal/child_process.js:970:16)
14 verbose stack     at Process.ChildProcess._handle.onexit (internal/child_process.js:259:5)
15 verbose pkgid TODO@0.0.1
16 verbose cwd D:\sapper-my-app
17 error Windows_NT 6.1.7601
18 error argv "C:\\Program Files\\nodejs\\node.exe" "C:\\Users\\mes\\AppData\\Roaming\\npm\\node_modules\\npm\\bin\\npm-cli.js" "run" "dev"
19 error node v10.15.3
20 error npm  v3.10.9
21 error code ELIFECYCLE
22 error TODO@0.0.1 dev: `sapper dev`
22 error Exit status 3221225786
23 error Failed at the TODO@0.0.1 dev script 'sapper dev'.
23 error Make sure you have the latest version of node.js and npm installed.
23 error If you do, this is most likely a problem with the TODO package,
23 error not with npm itself.
23 error Tell the author that this fails on your system:
23 error     sapper dev
23 error You can get information on how to open an issue for this project with:
23 error     npm bugs TODO
23 error Or if that isn't available, you can get their info via:
23 error     npm owner ls TODO
23 error There is likely additional logging output above.
24 verbose exit [ 1, true ]
